37.0 APEX_CODE,FINEST;APEX_PROFILING,INFO;CALLOUT,INFO;DB,INFO;SYSTEM,DEBUG;VALIDATION,INFO;VISUALFORCE,INFO;WAVE,INFO;WORKFLOW,INFO
12:52:27.0 (366074)|USER_INFO|[EXTERNAL]|005280000030kgN|himansh@nagarro.com|India Standard Time|GMT+05:30
12:52:27.0 (401745)|EXECUTION_STARTED
12:52:27.0 (407072)|CODE_UNIT_STARTED|[EXTERNAL]|066280000069Jw8|VF: /apex/testPage
12:52:27.0 (2983849)|SYSTEM_MODE_ENTER|true
12:52:27.0 (3331161)|HEAP_ALLOCATE|[72]|Bytes:3
12:52:27.0 (3376252)|HEAP_ALLOCATE|[77]|Bytes:152
12:52:27.0 (3415827)|HEAP_ALLOCATE|[342]|Bytes:408
12:52:27.0 (3434161)|HEAP_ALLOCATE|[355]|Bytes:408
12:52:27.0 (3446041)|HEAP_ALLOCATE|[467]|Bytes:48
12:52:27.0 (3479357)|HEAP_ALLOCATE|[139]|Bytes:6
12:52:27.0 (3502649)|HEAP_ALLOCATE|[EXTERNAL]|Bytes:80
12:52:27.0 (3508566)|HEAP_ALLOCATE|[EXTERNAL]|Bytes:3
12:52:27.0 (3606972)|METHOD_ENTRY|[1]|01p28000009r8Az|testClass.testClass()
12:52:27.0 (3618370)|STATEMENT_EXECUTE|[1]
12:52:27.0 (3625542)|STATEMENT_EXECUTE|[1]
12:52:27.0 (3661640)|METHOD_EXIT|[1]|testClass
12:52:27.0 (3683333)|HEAP_ALLOCATE|[EXTERNAL]|Bytes:8
12:52:27.0 (3770083)|VARIABLE_SCOPE_BEGIN|[4]|this|testClass|true|false
12:52:27.0 (3818307)|VARIABLE_ASSIGNMENT|[4]|this|{}|0x7635b790
12:52:27.0 (3828523)|STATEMENT_EXECUTE|[1]
12:52:27.0 (3830351)|STATEMENT_EXECUTE|[2]
12:52:27.0 (3839616)|HEAP_ALLOCATE|[5]|Bytes:6
12:52:27.0 (3892158)|STATEMENT_EXECUTE|[4]
12:52:27.0 (3894158)|STATEMENT_EXECUTE|[5]
12:52:27.0 (3927153)|HEAP_ALLOCATE|[5]|Bytes:64
12:52:27.0 (3938000)|SYSTEM_METHOD_ENTRY|[1]|Url.Url()
12:52:27.0 (3943733)|STATEMENT_EXECUTE|[1]
12:52:27.0 (3949077)|SYSTEM_METHOD_EXIT|[1]|Url
12:52:27.0 (3962127)|METHOD_ENTRY|[5]||System.Url.getSalesforceBaseUrl()
12:52:27.0 (4128063)|METHOD_EXIT|[5]||System.Url.getSalesforceBaseUrl()
12:52:27.0 (4144184)|METHOD_ENTRY|[5]||System.Url.getHost()
12:52:27.0 (4185816)|METHOD_EXIT|[5]||System.Url.getHost()
12:52:27.0 (4191322)|VARIABLE_SCOPE_BEGIN|[5]|domain|String|false|false
12:52:27.0 (4210024)|VARIABLE_ASSIGNMENT|[5]|domain|"himanshlearningforce (31 more) ..."
12:52:27.0 (4215214)|STATEMENT_EXECUTE|[6]
12:52:27.0 (4218150)|HEAP_ALLOCATE|[6]|Bytes:2
12:52:27.0 (4306416)|HEAP_ALLOCATE|[6]|Bytes:30
12:52:27.0 (4311773)|HEAP_ALLOCATE|[6]|Bytes:3
12:52:27.0 (4315166)|HEAP_ALLOCATE|[6]|Bytes:6
12:52:27.0 (4317804)|HEAP_ALLOCATE|[6]|Bytes:5
12:52:27.0 (4320623)|HEAP_ALLOCATE|[6]|Bytes:3
12:52:27.0 (4324736)|HEAP_ALLOCATE|[6]|Bytes:24
12:52:27.0 (4338135)|VARIABLE_SCOPE_BEGIN|[6]|DomainList|List<String>|true|false
12:52:27.0 (4367403)|HEAP_ALLOCATE|[EXTERNAL]|Bytes:24
12:52:27.0 (4392763)|VARIABLE_ASSIGNMENT|[6]|DomainList|["himanshlearningforce (10 more) ...","ap7","visual","force","com"]|0x5cd634cf
12:52:27.0 (4399117)|STATEMENT_EXECUTE|[7]
12:52:27.0 (4409519)|HEAP_ALLOCATE|[7]|Bytes:30
12:52:27.0 (4416670)|VARIABLE_SCOPE_BEGIN|[7]|newDomein|String|false|false
12:52:27.0 (4426837)|VARIABLE_ASSIGNMENT|[7]|newDomein|"himanshlearningforce (10 more) ..."
12:52:27.0 (4431083)|STATEMENT_EXECUTE|[8]
12:52:27.0 (4470409)|HEAP_ALLOCATE|[8]|Bytes:29
12:52:27.0 (4482340)|VARIABLE_ASSIGNMENT|[8]|newDomein|"himanshlearningforce (9 more) ..."
12:52:27.0 (4486763)|STATEMENT_EXECUTE|[10]
12:52:27.0 (4489432)|HEAP_ALLOCATE|[10]|Bytes:8
12:52:27.0 (4496492)|METHOD_ENTRY|[10]||System.Url.getSalesforceBaseUrl()
12:52:27.0 (4561121)|METHOD_EXIT|[10]||System.Url.getSalesforceBaseUrl()
12:52:27.0 (4570294)|METHOD_ENTRY|[10]||System.Url.getHost()
12:52:27.0 (4593482)|METHOD_EXIT|[10]||System.Url.getHost()
12:52:27.0 (4598249)|HEAP_ALLOCATE|[10]|Bytes:15
12:52:27.0 (4608905)|HEAP_ALLOCATE|[10]|Bytes:74
12:52:27.0 (4640697)|VARIABLE_ASSIGNMENT|[EXTERNAL]|this|{}|0x7635b790
12:52:27.0 (4652761)|VARIABLE_ASSIGNMENT|[EXTERNAL]|value|"https://himanshlearn (54 more) ..."
12:52:27.0 (4663360)|VARIABLE_ASSIGNMENT|[2]|this.URL|"https://himanshlearn (54 more) ..."|0x7635b790
12:52:27.0 (28805119)|SYSTEM_MODE_ENTER|true
12:52:27.31 (31881147)|CUMULATIVE_LIMIT_USAGE
12:52:27.31 (31881147)|LIMIT_USAGE_FOR_NS|(default)|
  Number of SOQL queries: 0 out of 100
  Number of query rows: 0 out of 50000
  Number of SOSL queries: 0 out of 20
  Number of DML statements: 0 out of 150
  Number of DML rows: 0 out of 10000
  Maximum CPU time: 0 out of 10000
  Maximum heap size: 0 out of 6000000
  Number of callouts: 0 out of 100
  Number of Email Invocations: 0 out of 10
  Number of future calls: 0 out of 50
  Number of queueable jobs added to the queue: 0 out of 50
  Number of Mobile Apex push calls: 0 out of 10

12:52:27.31 (31881147)|CUMULATIVE_LIMIT_USAGE_END

12:52:27.0 (31931861)|CODE_UNIT_FINISHED|VF: /apex/testPage
12:52:27.0 (32937829)|EXECUTION_FINISHED
