37.0 APEX_CODE,FINEST;APEX_PROFILING,INFO;CALLOUT,INFO;DB,INFO;SYSTEM,DEBUG;VALIDATION,INFO;VISUALFORCE,INFO;WAVE,INFO;WORKFLOW,INFO
12:57:56.0 (336236)|USER_INFO|[EXTERNAL]|005280000030kgN|himansh@nagarro.com|India Standard Time|GMT+05:30
12:57:56.0 (375272)|EXECUTION_STARTED
12:57:56.0 (381932)|CODE_UNIT_STARTED|[EXTERNAL]|066280000069Jw8|VF: /apex/testPage
12:57:56.0 (35586628)|SYSTEM_MODE_ENTER|true
12:57:56.0 (35949367)|HEAP_ALLOCATE|[72]|Bytes:3
12:57:56.0 (35976438)|HEAP_ALLOCATE|[77]|Bytes:152
12:57:56.0 (35987887)|HEAP_ALLOCATE|[342]|Bytes:408
12:57:56.0 (36000432)|HEAP_ALLOCATE|[355]|Bytes:408
12:57:56.0 (36013320)|HEAP_ALLOCATE|[467]|Bytes:48
12:57:56.0 (36037393)|HEAP_ALLOCATE|[139]|Bytes:6
12:57:56.0 (36051298)|HEAP_ALLOCATE|[EXTERNAL]|Bytes:80
12:57:56.0 (36057156)|HEAP_ALLOCATE|[EXTERNAL]|Bytes:3
12:57:56.0 (36061695)|HEAP_ALLOCATE|[EXTERNAL]|Bytes:2
12:57:56.0 (36074091)|METHOD_ENTRY|[1]|01p28000009r8Az|testClass.testClass()
12:57:56.0 (36080922)|STATEMENT_EXECUTE|[1]
12:57:56.0 (36084787)|STATEMENT_EXECUTE|[1]
12:57:56.0 (36088514)|METHOD_EXIT|[1]|testClass
12:57:56.0 (36102210)|HEAP_ALLOCATE|[EXTERNAL]|Bytes:8
12:57:56.0 (36157509)|VARIABLE_SCOPE_BEGIN|[4]|this|testClass|true|false
12:57:56.0 (36218595)|VARIABLE_ASSIGNMENT|[4]|this|{}|0x331a5519
12:57:56.0 (36228247)|STATEMENT_EXECUTE|[1]
12:57:56.0 (36230138)|STATEMENT_EXECUTE|[2]
12:57:56.0 (36236099)|HEAP_ALLOCATE|[5]|Bytes:6
12:57:56.0 (36288086)|STATEMENT_EXECUTE|[4]
12:57:56.0 (36290439)|STATEMENT_EXECUTE|[5]
12:57:56.0 (36324571)|HEAP_ALLOCATE|[5]|Bytes:64
12:57:56.0 (36335197)|SYSTEM_METHOD_ENTRY|[1]|Url.Url()
12:57:56.0 (36339117)|STATEMENT_EXECUTE|[1]
12:57:56.0 (36343999)|SYSTEM_METHOD_EXIT|[1]|Url
12:57:56.0 (36356635)|METHOD_ENTRY|[5]||System.Url.getSalesforceBaseUrl()
12:57:56.0 (36526942)|METHOD_EXIT|[5]||System.Url.getSalesforceBaseUrl()
12:57:56.0 (36545151)|METHOD_ENTRY|[5]||System.Url.getHost()
12:57:56.0 (36592060)|METHOD_EXIT|[5]||System.Url.getHost()
12:57:56.0 (36598930)|VARIABLE_SCOPE_BEGIN|[5]|domain|String|false|false
12:57:56.0 (36616466)|VARIABLE_ASSIGNMENT|[5]|domain|"himanshlearningforce (31 more) ..."
12:57:56.0 (36621893)|STATEMENT_EXECUTE|[6]
12:57:56.0 (36632262)|HEAP_ALLOCATE|[6]|Bytes:2
12:57:56.0 (36726468)|HEAP_ALLOCATE|[6]|Bytes:30
12:57:56.0 (36733898)|HEAP_ALLOCATE|[6]|Bytes:3
12:57:56.0 (36737089)|HEAP_ALLOCATE|[6]|Bytes:6
12:57:56.0 (36740138)|HEAP_ALLOCATE|[6]|Bytes:5
12:57:56.0 (36743031)|HEAP_ALLOCATE|[6]|Bytes:3
12:57:56.0 (36746699)|HEAP_ALLOCATE|[6]|Bytes:24
12:57:56.0 (36762528)|VARIABLE_SCOPE_BEGIN|[6]|DomainList|List<String>|true|false
12:57:56.0 (36791080)|HEAP_ALLOCATE|[EXTERNAL]|Bytes:24
12:57:56.0 (36809166)|VARIABLE_ASSIGNMENT|[6]|DomainList|["himanshlearningforce (10 more) ...","ap7","visual","force","com"]|0x73529a2e
12:57:56.0 (36815629)|STATEMENT_EXECUTE|[7]
12:57:56.0 (36826599)|HEAP_ALLOCATE|[7]|Bytes:30
12:57:56.0 (36833487)|VARIABLE_SCOPE_BEGIN|[7]|newDomein|String|false|false
12:57:56.0 (36843114)|VARIABLE_ASSIGNMENT|[7]|newDomein|"himanshlearningforce (10 more) ..."
12:57:56.0 (36847127)|STATEMENT_EXECUTE|[8]
12:57:56.0 (36893236)|HEAP_ALLOCATE|[8]|Bytes:29
12:57:56.0 (36908185)|VARIABLE_ASSIGNMENT|[8]|newDomein|"himanshlearningforce (9 more) ..."
12:57:56.0 (36912724)|STATEMENT_EXECUTE|[10]
12:57:56.0 (36915614)|HEAP_ALLOCATE|[10]|Bytes:8
12:57:56.0 (36923543)|METHOD_ENTRY|[10]||System.Url.getSalesforceBaseUrl()
12:57:56.0 (37002868)|METHOD_EXIT|[10]||System.Url.getSalesforceBaseUrl()
12:57:56.0 (37015841)|METHOD_ENTRY|[10]||System.Url.getHost()
12:57:56.0 (37041180)|METHOD_EXIT|[10]||System.Url.getHost()
12:57:56.0 (37046750)|HEAP_ALLOCATE|[10]|Bytes:15
12:57:56.0 (37057098)|HEAP_ALLOCATE|[10]|Bytes:74
12:57:56.0 (37093213)|VARIABLE_ASSIGNMENT|[EXTERNAL]|this|{}|0x331a5519
12:57:56.0 (37106980)|VARIABLE_ASSIGNMENT|[EXTERNAL]|value|"https://himanshlearn (54 more) ..."
12:57:56.0 (37119462)|VARIABLE_ASSIGNMENT|[2]|this.URL|"https://himanshlearn (54 more) ..."|0x331a5519
12:57:56.0 (37128935)|STATEMENT_EXECUTE|[11]
12:57:56.0 (37132362)|HEAP_ALLOCATE|[11]|Bytes:8
12:57:56.0 (37171255)|VARIABLE_ASSIGNMENT|[EXTERNAL]|this|{"URL":"https://himanshlearn (54 more) ..."}|0x331a5519
12:57:56.0 (37191586)|HEAP_ALLOCATE|[11]|Bytes:82
12:57:56.0 (37211898)|USER_DEBUG|[11]|DEBUG|__URL__ https://himanshlearningforce-dev-ed--c.ap7.visual.force.com0032800000R3muh
12:57:56.0 (59711197)|SYSTEM_MODE_ENTER|true
12:57:56.62 (62406236)|CUMULATIVE_LIMIT_USAGE
12:57:56.62 (62406236)|LIMIT_USAGE_FOR_NS|(default)|
  Number of SOQL queries: 0 out of 100
  Number of query rows: 0 out of 50000
  Number of SOSL queries: 0 out of 20
  Number of DML statements: 0 out of 150
  Number of DML rows: 0 out of 10000
  Maximum CPU time: 0 out of 10000
  Maximum heap size: 0 out of 6000000
  Number of callouts: 0 out of 100
  Number of Email Invocations: 0 out of 10
  Number of future calls: 0 out of 50
  Number of queueable jobs added to the queue: 0 out of 50
  Number of Mobile Apex push calls: 0 out of 10

12:57:56.62 (62406236)|CUMULATIVE_LIMIT_USAGE_END

12:57:56.0 (62445553)|CODE_UNIT_FINISHED|VF: /apex/testPage
12:57:56.0 (63347959)|EXECUTION_FINISHED
