42.0 APEX_CODE,FINEST;APEX_PROFILING,INFO;CALLOUT,INFO;DB,INFO;SYSTEM,DEBUG;VALIDATION,INFO;VISUALFORCE,INFO;WAVE,INFO;WORKFLOW,INFO
Execute Anonymous: /*List<testJSRemotingFileUploadController.test_Wrapper> wrappers = new List<testJSRemotingFileUploadController.test_Wrapper>();
Execute Anonymous: testJSRemotingFileUploadController.test_Wrapper wrapper = new testJSRemotingFileUploadController.test_Wrapper();
Execute Anonymous: wrapper.testField = 'abc';
Execute Anonymous: wrappers.add(wrapper);*/
Execute Anonymous: 
Execute Anonymous: /*AccountToLeadConveterController batchTest = new AccountToLeadConveterController();
Execute Anonymous: Database.executeBatch(batchTest);*/
Execute Anonymous: 
Execute Anonymous: //###Code to Generate Random Strings###//
Execute Anonymous: /*Integer[] alphs= new Integer[26];
Execute Anonymous: //Populate char array
Execute Anonymous: for (Integer i=0; i<26;i++){
Execute Anonymous:     alphs[i] = i+65;
Execute Anonymous: }
Execute Anonymous: //Generating a random string
Execute Anonymous: List<String> randomStrs = new List<String>();
Execute Anonymous: for (Integer count=0; count<100;count++){
Execute Anonymous:     List<Integer> randomChars = new List<Integer>();
Execute Anonymous:     randomChars.clear();
Execute Anonymous:     for (Integer i=0; i<5;i++){
Execute Anonymous:         randomChars.add(alphs[Math.mod((Integer)(Math.Random()*100),26)]);
Execute Anonymous:     }
Execute Anonymous:     System.debug(String.fromCharArray(randomChars));
Execute Anonymous:     randomStrs.add(String.fromCharArray(randomChars));
Execute Anonymous: }*/
Execute Anonymous: 
Execute Anonymous: /*//###Code to calculte frequency of Random Output###//
Execute Anonymous: List<Double> rndms = new List<Double>();
Execute Anonymous: Integer numOfNums = 100; //Number of random numbs to be generated
Execute Anonymous: Integer maxRange = 100; //Number by which the random numbers will be multiplied
Execute Anonymous: Integer intrvalSize = 10;//This number represents the size of the intervals in the final frequency distribution
Execute Anonymous: //Generating random numbers
Execute Anonymous: for(Integer i=0;i<numOfNums;i++){
Execute Anonymous:     rndms.add(Math.random()*100);
Execute Anonymous:     //System.debug(rndms.get(rndms.size()-1));
Execute Anonymous: }
Execute Anonymous: List<Integer> ranges = new List<Integer>();
Execute Anonymous: //Calculating ranges
Execute Anonymous: for (Integer i=0; i<=maxRange;i+=intrvalSize){
Execute Anonymous:    	ranges.add(i);
Execute Anonymous: }
Execute Anonymous: System.debug(ranges);
Execute Anonymous: //Calculating frequency*/
Execute Anonymous: 
Execute Anonymous: string domain=System.URL.getSalesforceBaseURL().getHost();
Execute Anonymous: System.debug('__host__ '+ domain);
Execute Anonymous: list<string>DomainList=domain.split('\\.',0);
Execute Anonymous: string newDomein=DomainList[0];
Execute Anonymous: newDomein =  newDomein.substring(0,newDomein.length()-1);
Execute Anonymous: 
Execute Anonymous: String URL = 'https://'+newDomein+'0032800000R3muh';
Execute Anonymous: System.debug('_URL_ '+ URL);
12:50:51.1 (1315649)|USER_INFO|[EXTERNAL]|005280000030kgN|himansh@nagarro.com|India Standard Time|GMT+05:30
12:50:51.1 (1343066)|EXECUTION_STARTED
12:50:51.1 (1348034)|CODE_UNIT_STARTED|[EXTERNAL]|execute_anonymous_apex
12:50:51.1 (1489041)|VARIABLE_SCOPE_BEGIN|[47]|DomainList|List<String>|true|false
12:50:51.1 (1517841)|VARIABLE_SCOPE_BEGIN|[51]|URL|String|false|false
12:50:51.1 (1527877)|VARIABLE_SCOPE_BEGIN|[45]|domain|String|false|false
12:50:51.1 (1534763)|VARIABLE_SCOPE_BEGIN|[48]|newDomein|String|false|false
12:50:51.1 (1620341)|HEAP_ALLOCATE|[72]|Bytes:3
12:50:51.1 (1643708)|HEAP_ALLOCATE|[77]|Bytes:152
12:50:51.1 (1654813)|HEAP_ALLOCATE|[342]|Bytes:408
12:50:51.1 (1667054)|HEAP_ALLOCATE|[355]|Bytes:408
12:50:51.1 (1677804)|HEAP_ALLOCATE|[467]|Bytes:48
12:50:51.1 (1697439)|HEAP_ALLOCATE|[139]|Bytes:6
12:50:51.1 (1717333)|HEAP_ALLOCATE|[EXTERNAL]|Bytes:20
12:50:51.1 (1857460)|STATEMENT_EXECUTE|[1]
12:50:51.1 (1860503)|STATEMENT_EXECUTE|[45]
12:50:51.1 (1903411)|HEAP_ALLOCATE|[50]|Bytes:5
12:50:51.1 (1921849)|HEAP_ALLOCATE|[56]|Bytes:5
12:50:51.1 (1929922)|HEAP_ALLOCATE|[64]|Bytes:7
12:50:51.1 (1955813)|SYSTEM_MODE_ENTER|false
12:50:51.1 (1974014)|HEAP_ALLOCATE|[45]|Bytes:5
12:50:51.1 (2027112)|HEAP_ALLOCATE|[45]|Bytes:64
12:50:51.1 (2040581)|SYSTEM_METHOD_ENTRY|[1]|Url.Url()
12:50:51.1 (2045911)|STATEMENT_EXECUTE|[1]
12:50:51.1 (2054180)|SYSTEM_METHOD_EXIT|[1]|Url
12:50:51.1 (2070528)|METHOD_ENTRY|[45]||System.Url.getSalesforceBaseUrl()
12:50:51.1 (2243701)|METHOD_EXIT|[45]||System.Url.getSalesforceBaseUrl()
12:50:51.1 (2256098)|SYSTEM_MODE_EXIT|false
12:50:51.1 (2286584)|SYSTEM_MODE_ENTER|false
12:50:51.1 (2297193)|HEAP_ALLOCATE|[45]|Bytes:5
12:50:51.1 (2309557)|METHOD_ENTRY|[45]||System.Url.getHost()
12:50:51.1 (2355486)|METHOD_EXIT|[45]||System.Url.getHost()
12:50:51.1 (2362309)|SYSTEM_MODE_EXIT|false
12:50:51.1 (2386389)|VARIABLE_ASSIGNMENT|[45]|domain|"himanshlearningforce (25 more) ..."
12:50:51.1 (2392075)|STATEMENT_EXECUTE|[46]
12:50:51.1 (2395724)|HEAP_ALLOCATE|[46]|Bytes:9
12:50:51.1 (2407547)|HEAP_ALLOCATE|[46]|Bytes:54
12:50:51.1 (2433515)|USER_DEBUG|[46]|DEBUG|__host__ himanshlearningforce-dev-ed.my.salesforce.com
12:50:51.1 (2442390)|STATEMENT_EXECUTE|[47]
12:50:51.1 (2445818)|HEAP_ALLOCATE|[47]|Bytes:2
12:50:51.1 (2493465)|HEAP_ALLOCATE|[47]|Bytes:27
12:50:51.1 (2498739)|HEAP_ALLOCATE|[47]|Bytes:2
12:50:51.1 (2501841)|HEAP_ALLOCATE|[47]|Bytes:10
12:50:51.1 (2505314)|HEAP_ALLOCATE|[47]|Bytes:3
12:50:51.1 (2508470)|HEAP_ALLOCATE|[47]|Bytes:20
12:50:51.1 (2536127)|HEAP_ALLOCATE|[EXTERNAL]|Bytes:20
12:50:51.1 (2551822)|VARIABLE_ASSIGNMENT|[47]|DomainList|["himanshlearningforce (7 more) ...","my","salesforce","com"]|0x3a00c5bc
12:50:51.1 (2557645)|STATEMENT_EXECUTE|[48]
12:50:51.1 (2566400)|HEAP_ALLOCATE|[48]|Bytes:27
12:50:51.1 (2577114)|VARIABLE_ASSIGNMENT|[48]|newDomein|"himanshlearningforce (7 more) ..."
12:50:51.1 (2581272)|STATEMENT_EXECUTE|[49]
12:50:51.1 (2633654)|HEAP_ALLOCATE|[49]|Bytes:26
12:50:51.1 (2655737)|VARIABLE_ASSIGNMENT|[49]|newDomein|"himanshlearningforce (6 more) ..."
12:50:51.1 (2663059)|STATEMENT_EXECUTE|[51]
12:50:51.1 (2666623)|HEAP_ALLOCATE|[51]|Bytes:8
12:50:51.1 (2673691)|HEAP_ALLOCATE|[51]|Bytes:15
12:50:51.1 (2684651)|HEAP_ALLOCATE|[51]|Bytes:49
12:50:51.1 (2696497)|VARIABLE_ASSIGNMENT|[51]|URL|"https://himanshlearn (29 more) ..."
12:50:51.1 (2702608)|STATEMENT_EXECUTE|[52]
12:50:51.1 (2705668)|HEAP_ALLOCATE|[52]|Bytes:6
12:50:51.1 (2713817)|HEAP_ALLOCATE|[52]|Bytes:55
12:50:51.1 (2734292)|USER_DEBUG|[52]|DEBUG|_URL_ https://himanshlearningforce-dev-e0032800000R3muh
12:50:51.2 (2780906)|CUMULATIVE_LIMIT_USAGE
12:50:51.2 (2780906)|LIMIT_USAGE_FOR_NS|(default)|
  Number of SOQL queries: 0 out of 100
  Number of query rows: 0 out of 50000
  Number of SOSL queries: 0 out of 20
  Number of DML statements: 0 out of 150
  Number of DML rows: 0 out of 10000
  Maximum CPU time: 0 out of 10000
  Maximum heap size: 0 out of 6000000
  Number of callouts: 0 out of 100
  Number of Email Invocations: 0 out of 10
  Number of future calls: 0 out of 50
  Number of queueable jobs added to the queue: 0 out of 50
  Number of Mobile Apex push calls: 0 out of 10

12:50:51.2 (2780906)|CUMULATIVE_LIMIT_USAGE_END

12:50:51.1 (2827433)|CODE_UNIT_FINISHED|execute_anonymous_apex
12:50:51.1 (4000944)|EXECUTION_FINISHED
