42.0 APEX_CODE,FINEST;APEX_PROFILING,INFO;CALLOUT,INFO;DB,INFO;SYSTEM,DEBUG;VALIDATION,INFO;VISUALFORCE,INFO;WAVE,INFO;WORKFLOW,INFO
Execute Anonymous: /*List<testJSRemotingFileUploadController.test_Wrapper> wrappers = new List<testJSRemotingFileUploadController.test_Wrapper>();
Execute Anonymous: testJSRemotingFileUploadController.test_Wrapper wrapper = new testJSRemotingFileUploadController.test_Wrapper();
Execute Anonymous: wrapper.testField = 'abc';
Execute Anonymous: wrappers.add(wrapper);*/
Execute Anonymous: 
Execute Anonymous: /*AccountToLeadConveterController batchTest = new AccountToLeadConveterController();
Execute Anonymous: Database.executeBatch(batchTest);*/
Execute Anonymous: 
Execute Anonymous: //###Code to Generate Random Strings###//
Execute Anonymous: /*Integer[] alphs= new Integer[26];
Execute Anonymous: //Populate char array
Execute Anonymous: for (Integer i=0; i<26;i++){
Execute Anonymous:     alphs[i] = i+65;
Execute Anonymous: }
Execute Anonymous: //Generating a random string
Execute Anonymous: List<String> randomStrs = new List<String>();
Execute Anonymous: for (Integer count=0; count<100;count++){
Execute Anonymous:     List<Integer> randomChars = new List<Integer>();
Execute Anonymous:     randomChars.clear();
Execute Anonymous:     for (Integer i=0; i<5;i++){
Execute Anonymous:         randomChars.add(alphs[Math.mod((Integer)(Math.Random()*100),26)]);
Execute Anonymous:     }
Execute Anonymous:     System.debug(String.fromCharArray(randomChars));
Execute Anonymous:     randomStrs.add(String.fromCharArray(randomChars));
Execute Anonymous: }*/
Execute Anonymous: 
Execute Anonymous: /*//###Code to calculte frequency of Random Output###//
Execute Anonymous: List<Double> rndms = new List<Double>();
Execute Anonymous: Integer numOfNums = 100; //Number of random numbs to be generated
Execute Anonymous: Integer maxRange = 100; //Number by which the random numbers will be multiplied
Execute Anonymous: Integer intrvalSize = 10;//This number represents the size of the intervals in the final frequency distribution
Execute Anonymous: //Generating random numbers
Execute Anonymous: for(Integer i=0;i<numOfNums;i++){
Execute Anonymous:     rndms.add(Math.random()*100);
Execute Anonymous:     //System.debug(rndms.get(rndms.size()-1));
Execute Anonymous: }
Execute Anonymous: List<Integer> ranges = new List<Integer>();
Execute Anonymous: //Calculating ranges
Execute Anonymous: for (Integer i=0; i<=maxRange;i+=intrvalSize){
Execute Anonymous:    	ranges.add(i);
Execute Anonymous: }
Execute Anonymous: System.debug(ranges);
Execute Anonymous: //Calculating frequency*/
Execute Anonymous: 
Execute Anonymous: string domain=System.URL.getSalesforceBaseURL().toString();
Execute Anonymous: System.debug('__host__ '+ domain);
Execute Anonymous: list<string>DomainList=domain.split('\\.',0);
Execute Anonymous: string newDomein=DomainList[0];
Execute Anonymous: newDomein =  newDomein.substring(0,newDomein.length()-1);
Execute Anonymous: 
Execute Anonymous: String URL = 'https://'+newDomein+'0032800000R3muh';
Execute Anonymous: System.debug('_URL_ '+ URL);
12:59:21.1 (1717141)|USER_INFO|[EXTERNAL]|005280000030kgN|himansh@nagarro.com|India Standard Time|GMT+05:30
12:59:21.1 (1774590)|EXECUTION_STARTED
12:59:21.1 (1786101)|CODE_UNIT_STARTED|[EXTERNAL]|execute_anonymous_apex
12:59:21.1 (2150444)|VARIABLE_SCOPE_BEGIN|[47]|DomainList|List<String>|true|false
12:59:21.1 (2225190)|VARIABLE_SCOPE_BEGIN|[51]|URL|String|false|false
12:59:21.1 (2253623)|VARIABLE_SCOPE_BEGIN|[45]|domain|String|false|false
12:59:21.1 (2277138)|VARIABLE_SCOPE_BEGIN|[48]|newDomein|String|false|false
12:59:21.1 (2502396)|HEAP_ALLOCATE|[72]|Bytes:3
12:59:21.1 (2562874)|HEAP_ALLOCATE|[77]|Bytes:152
12:59:21.1 (2590596)|HEAP_ALLOCATE|[342]|Bytes:408
12:59:21.1 (2607661)|HEAP_ALLOCATE|[355]|Bytes:408
12:59:21.1 (2619819)|HEAP_ALLOCATE|[467]|Bytes:48
12:59:21.1 (2651092)|HEAP_ALLOCATE|[139]|Bytes:6
12:59:21.1 (2676780)|HEAP_ALLOCATE|[EXTERNAL]|Bytes:20
12:59:21.1 (2828458)|STATEMENT_EXECUTE|[1]
12:59:21.1 (2832091)|STATEMENT_EXECUTE|[45]
12:59:21.1 (2899956)|HEAP_ALLOCATE|[50]|Bytes:5
12:59:21.1 (2935062)|HEAP_ALLOCATE|[56]|Bytes:5
12:59:21.1 (2944988)|HEAP_ALLOCATE|[64]|Bytes:7
12:59:21.1 (2975215)|SYSTEM_MODE_ENTER|false
12:59:21.1 (3018468)|HEAP_ALLOCATE|[45]|Bytes:5
12:59:21.1 (3088387)|HEAP_ALLOCATE|[45]|Bytes:64
12:59:21.1 (3101967)|SYSTEM_METHOD_ENTRY|[1]|Url.Url()
12:59:21.1 (3106613)|STATEMENT_EXECUTE|[1]
12:59:21.1 (3117391)|SYSTEM_METHOD_EXIT|[1]|Url
12:59:21.1 (3136053)|METHOD_ENTRY|[45]||System.Url.getSalesforceBaseUrl()
12:59:21.1 (3422630)|METHOD_EXIT|[45]||System.Url.getSalesforceBaseUrl()
12:59:21.1 (3442851)|SYSTEM_MODE_EXIT|false
12:59:21.1 (3492961)|SYSTEM_MODE_ENTER|false
12:59:21.1 (3512066)|HEAP_ALLOCATE|[45]|Bytes:5
12:59:21.1 (3535277)|METHOD_ENTRY|[45]||System.Url.toString()
12:59:21.1 (3677909)|METHOD_EXIT|[45]||System.Url.toString()
12:59:21.1 (3690060)|SYSTEM_MODE_EXIT|false
12:59:21.1 (3743229)|VARIABLE_ASSIGNMENT|[45]|domain|"Url:[delegate=https: (48 more) ..."
12:59:21.1 (3753346)|STATEMENT_EXECUTE|[46]
12:59:21.1 (3758566)|HEAP_ALLOCATE|[46]|Bytes:9
12:59:21.1 (3777502)|HEAP_ALLOCATE|[46]|Bytes:77
12:59:21.1 (3831508)|USER_DEBUG|[46]|DEBUG|__host__ Url:[delegate=https://himanshlearningforce-dev-ed.my.salesforce.com]
12:59:21.1 (3847304)|STATEMENT_EXECUTE|[47]
12:59:21.1 (3853633)|HEAP_ALLOCATE|[47]|Bytes:2
12:59:21.1 (3941316)|HEAP_ALLOCATE|[47]|Bytes:49
12:59:21.1 (3951716)|HEAP_ALLOCATE|[47]|Bytes:2
12:59:21.1 (3956862)|HEAP_ALLOCATE|[47]|Bytes:10
12:59:21.1 (3961735)|HEAP_ALLOCATE|[47]|Bytes:4
12:59:21.1 (3968557)|HEAP_ALLOCATE|[47]|Bytes:20
12:59:21.1 (4029398)|HEAP_ALLOCATE|[EXTERNAL]|Bytes:20
12:59:21.1 (4056408)|VARIABLE_ASSIGNMENT|[47]|DomainList|["Url:[delegate=https: (29 more) ...","my","salesforce","com]"]|0x5b1baaef
12:59:21.1 (4065898)|STATEMENT_EXECUTE|[48]
12:59:21.1 (4082578)|HEAP_ALLOCATE|[48]|Bytes:49
12:59:21.1 (4095265)|VARIABLE_ASSIGNMENT|[48]|newDomein|"Url:[delegate=https: (29 more) ..."
12:59:21.1 (4099776)|STATEMENT_EXECUTE|[49]
12:59:21.1 (4143807)|HEAP_ALLOCATE|[49]|Bytes:48
12:59:21.1 (4158859)|VARIABLE_ASSIGNMENT|[49]|newDomein|"Url:[delegate=https: (28 more) ..."
12:59:21.1 (4163980)|STATEMENT_EXECUTE|[51]
12:59:21.1 (4167047)|HEAP_ALLOCATE|[51]|Bytes:8
12:59:21.1 (4172216)|HEAP_ALLOCATE|[51]|Bytes:15
12:59:21.1 (4177910)|HEAP_ALLOCATE|[51]|Bytes:71
12:59:21.1 (4185223)|VARIABLE_ASSIGNMENT|[51]|URL|"https://Url:[delegat (51 more) ..."
12:59:21.1 (4189733)|STATEMENT_EXECUTE|[52]
12:59:21.1 (4192189)|HEAP_ALLOCATE|[52]|Bytes:6
12:59:21.1 (4197630)|HEAP_ALLOCATE|[52]|Bytes:77
12:59:21.1 (4213737)|USER_DEBUG|[52]|DEBUG|_URL_ https://Url:[delegate=https://himanshlearningforce-dev-e0032800000R3muh
12:59:21.4 (4260157)|CUMULATIVE_LIMIT_USAGE
12:59:21.4 (4260157)|LIMIT_USAGE_FOR_NS|(default)|
  Number of SOQL queries: 0 out of 100
  Number of query rows: 0 out of 50000
  Number of SOSL queries: 0 out of 20
  Number of DML statements: 0 out of 150
  Number of DML rows: 0 out of 10000
  Maximum CPU time: 0 out of 10000
  Maximum heap size: 0 out of 6000000
  Number of callouts: 0 out of 100
  Number of Email Invocations: 0 out of 10
  Number of future calls: 0 out of 50
  Number of queueable jobs added to the queue: 0 out of 50
  Number of Mobile Apex push calls: 0 out of 10

12:59:21.4 (4260157)|CUMULATIVE_LIMIT_USAGE_END

12:59:21.1 (4301663)|CODE_UNIT_FINISHED|execute_anonymous_apex
12:59:21.1 (5244355)|EXECUTION_FINISHED
