42.0 APEX_CODE,FINEST;APEX_PROFILING,INFO;CALLOUT,INFO;DB,INFO;SYSTEM,DEBUG;VALIDATION,INFO;VISUALFORCE,INFO;WAVE,INFO;WORKFLOW,INFO
13:04:57.0 (326516)|USER_INFO|[EXTERNAL]|005280000030kgN|himansh@nagarro.com|India Standard Time|GMT+05:30
13:04:57.0 (358909)|EXECUTION_STARTED
13:04:57.0 (362943)|CODE_UNIT_STARTED|[EXTERNAL]|VisualForce View State
13:04:57.0 (282665525)|HEAP_ALLOCATE|[72]|Bytes:3
13:04:57.0 (282704113)|HEAP_ALLOCATE|[77]|Bytes:152
13:04:57.0 (282718026)|HEAP_ALLOCATE|[342]|Bytes:408
13:04:57.0 (282731562)|HEAP_ALLOCATE|[355]|Bytes:408
13:04:57.0 (282743383)|HEAP_ALLOCATE|[467]|Bytes:48
13:04:57.0 (282766356)|HEAP_ALLOCATE|[139]|Bytes:6
13:04:57.0 (282788120)|HEAP_ALLOCATE|[50]|Bytes:5
13:04:57.0 (282803440)|HEAP_ALLOCATE|[56]|Bytes:5
13:04:57.0 (282811056)|HEAP_ALLOCATE|[64]|Bytes:7
13:04:57.0 (284379881)|CODE_UNIT_FINISHED|VisualForce View State
13:04:57.0 (284522039)|EXECUTION_FINISHED
13:04:57.285 (285250008)|USER_INFO|[EXTERNAL]|005280000030kgN|himansh@nagarro.com|India Standard Time|GMT+05:30
13:04:57.285 (285293927)|SYSTEM_MODE_ENTER|true
13:04:57.285 (285347961)|HEAP_ALLOCATE|[EXTERNAL]|Bytes:38
13:04:57.285 (285357489)|HEAP_ALLOCATE|[EXTERNAL]|Bytes:7
13:04:57.285 (285367060)|SYSTEM_METHOD_ENTRY|[1]|PageMessagesComponentController.PageMessagesComponentController()
13:04:57.285 (285372415)|STATEMENT_EXECUTE|[1]
13:04:57.287 (287347798)|CUMULATIVE_LIMIT_USAGE
13:04:57.287 (287347798)|LIMIT_USAGE_FOR_NS|(default)|
  Number of SOQL queries: 0 out of 100
  Number of query rows: 0 out of 50000
  Number of SOSL queries: 0 out of 20
  Number of DML statements: 0 out of 150
  Number of DML rows: 0 out of 10000
  Maximum CPU time: 0 out of 10000
  Maximum heap size: 0 out of 6000000
  Number of callouts: 0 out of 100
  Number of Email Invocations: 0 out of 10
  Number of future calls: 0 out of 50
  Number of queueable jobs added to the queue: 0 out of 50
  Number of Mobile Apex push calls: 0 out of 10

13:04:57.287 (287347798)|CUMULATIVE_LIMIT_USAGE_END

