37.0 APEX_CODE,FINEST;APEX_PROFILING,INFO;CALLOUT,INFO;DB,INFO;SYSTEM,DEBUG;VALIDATION,INFO;VISUALFORCE,INFO;WAVE,INFO;WORKFLOW,INFO
13:13:19.0 (358058)|USER_INFO|[EXTERNAL]|005280000030kgN|himansh@nagarro.com|India Standard Time|GMT+05:30
13:13:19.0 (523317)|EXECUTION_STARTED
13:13:19.0 (527917)|CODE_UNIT_STARTED|[EXTERNAL]|06628000003iVIc|VF: /apex/DisplayImage
13:13:19.5 (5852824)|CUMULATIVE_LIMIT_USAGE
13:13:19.5 (5852824)|LIMIT_USAGE_FOR_NS|(default)|
  Number of SOQL queries: 0 out of 100
  Number of query rows: 0 out of 50000
  Number of SOSL queries: 0 out of 20
  Number of DML statements: 0 out of 150
  Number of DML rows: 0 out of 10000
  Maximum CPU time: 0 out of 10000
  Maximum heap size: 0 out of 6000000
  Number of callouts: 0 out of 100
  Number of Email Invocations: 0 out of 10
  Number of future calls: 0 out of 50
  Number of queueable jobs added to the queue: 0 out of 50
  Number of Mobile Apex push calls: 0 out of 10

13:13:19.5 (5852824)|CUMULATIVE_LIMIT_USAGE_END

13:13:19.0 (5904005)|CODE_UNIT_FINISHED|VF: /apex/DisplayImage
13:13:19.0 (6775053)|EXECUTION_FINISHED
