37.0 APEX_CODE,FINEST;APEX_PROFILING,INFO;CALLOUT,INFO;DB,INFO;SYSTEM,DEBUG;VALIDATION,INFO;VISUALFORCE,INFO;WAVE,INFO;WORKFLOW,INFO
13:12:57.0 (440663)|USER_INFO|[EXTERNAL]|005280000030kgN|himansh@nagarro.com|India Standard Time|GMT+05:30
13:12:57.0 (479672)|EXECUTION_STARTED
13:12:57.0 (484806)|CODE_UNIT_STARTED|[EXTERNAL]|066280000069Jw8|VF: /apex/testPage
13:12:57.0 (63728887)|SYSTEM_MODE_ENTER|true
13:12:57.0 (64112289)|HEAP_ALLOCATE|[72]|Bytes:3
13:12:57.0 (64147978)|HEAP_ALLOCATE|[77]|Bytes:152
13:12:57.0 (64161560)|HEAP_ALLOCATE|[342]|Bytes:408
13:12:57.0 (64172994)|HEAP_ALLOCATE|[355]|Bytes:408
13:12:57.0 (64183431)|HEAP_ALLOCATE|[467]|Bytes:48
13:12:57.0 (64207469)|HEAP_ALLOCATE|[139]|Bytes:6
13:12:57.0 (64223447)|HEAP_ALLOCATE|[EXTERNAL]|Bytes:80
13:12:57.0 (64228643)|HEAP_ALLOCATE|[EXTERNAL]|Bytes:3
13:12:57.0 (64231858)|HEAP_ALLOCATE|[EXTERNAL]|Bytes:2
13:12:57.0 (64244069)|METHOD_ENTRY|[1]|01p28000009r8Az|testClass.testClass()
13:12:57.0 (64252013)|STATEMENT_EXECUTE|[1]
13:12:57.0 (64255528)|STATEMENT_EXECUTE|[1]
13:12:57.0 (64259779)|METHOD_EXIT|[1]|testClass
13:12:57.0 (64274432)|HEAP_ALLOCATE|[EXTERNAL]|Bytes:8
13:12:57.0 (64325192)|VARIABLE_SCOPE_BEGIN|[4]|this|testClass|true|false
13:12:57.0 (64376191)|VARIABLE_ASSIGNMENT|[4]|this|{}|0x2fd9d61e
13:12:57.0 (64386926)|STATEMENT_EXECUTE|[1]
13:12:57.0 (64388702)|STATEMENT_EXECUTE|[2]
13:12:57.0 (64395904)|HEAP_ALLOCATE|[5]|Bytes:6
13:12:57.0 (64450349)|STATEMENT_EXECUTE|[4]
13:12:57.0 (64452442)|STATEMENT_EXECUTE|[5]
13:12:57.0 (64482740)|HEAP_ALLOCATE|[5]|Bytes:64
13:12:57.0 (64491249)|SYSTEM_METHOD_ENTRY|[1]|Url.Url()
13:12:57.0 (64494868)|STATEMENT_EXECUTE|[1]
13:12:57.0 (64499298)|SYSTEM_METHOD_EXIT|[1]|Url
13:12:57.0 (64512172)|METHOD_ENTRY|[5]||System.Url.getSalesforceBaseUrl()
13:12:57.0 (64675357)|METHOD_EXIT|[5]||System.Url.getSalesforceBaseUrl()
13:12:57.0 (64693790)|METHOD_ENTRY|[5]||System.Url.getHost()
13:12:57.0 (64737796)|METHOD_EXIT|[5]||System.Url.getHost()
13:12:57.0 (64743832)|VARIABLE_SCOPE_BEGIN|[5]|domain|String|false|false
13:12:57.0 (64759136)|VARIABLE_ASSIGNMENT|[5]|domain|"himanshlearningforce (31 more) ..."
13:12:57.0 (64763938)|STATEMENT_EXECUTE|[6]
13:12:57.0 (64766578)|HEAP_ALLOCATE|[6]|Bytes:2
13:12:57.0 (64857052)|HEAP_ALLOCATE|[6]|Bytes:30
13:12:57.0 (64862772)|HEAP_ALLOCATE|[6]|Bytes:3
13:12:57.0 (64865812)|HEAP_ALLOCATE|[6]|Bytes:6
13:12:57.0 (64868519)|HEAP_ALLOCATE|[6]|Bytes:5
13:12:57.0 (64871288)|HEAP_ALLOCATE|[6]|Bytes:3
13:12:57.0 (64874770)|HEAP_ALLOCATE|[6]|Bytes:24
13:12:57.0 (64888847)|VARIABLE_SCOPE_BEGIN|[6]|DomainList|List<String>|true|false
13:12:57.0 (64920729)|HEAP_ALLOCATE|[EXTERNAL]|Bytes:24
13:12:57.0 (64939076)|VARIABLE_ASSIGNMENT|[6]|DomainList|["himanshlearningforce (10 more) ...","ap7","visual","force","com"]|0x5958a008
13:12:57.0 (64945105)|STATEMENT_EXECUTE|[7]
13:12:57.0 (64955440)|HEAP_ALLOCATE|[7]|Bytes:30
13:12:57.0 (64962217)|VARIABLE_SCOPE_BEGIN|[7]|newDomein|String|false|false
13:12:57.0 (64972210)|VARIABLE_ASSIGNMENT|[7]|newDomein|"himanshlearningforce (10 more) ..."
13:12:57.0 (64976434)|STATEMENT_EXECUTE|[8]
13:12:57.0 (65014033)|HEAP_ALLOCATE|[8]|Bytes:29
13:12:57.0 (65027622)|VARIABLE_ASSIGNMENT|[8]|newDomein|"himanshlearningforce (9 more) ..."
13:12:57.0 (65032236)|STATEMENT_EXECUTE|[10]
13:12:57.0 (65035342)|HEAP_ALLOCATE|[10]|Bytes:18
13:12:57.0 (65074192)|VARIABLE_ASSIGNMENT|[EXTERNAL]|this|{}|0x2fd9d61e
13:12:57.0 (65084880)|VARIABLE_ASSIGNMENT|[EXTERNAL]|value|"/apex/DisplayImage"
13:12:57.0 (65095351)|VARIABLE_ASSIGNMENT|[2]|this.URL|"/apex/DisplayImage"|0x2fd9d61e
13:12:57.0 (65103677)|STATEMENT_EXECUTE|[11]
13:12:57.0 (65106401)|HEAP_ALLOCATE|[11]|Bytes:8
13:12:57.0 (65130669)|VARIABLE_ASSIGNMENT|[EXTERNAL]|this|{"URL":"/apex/DisplayImage"}|0x2fd9d61e
13:12:57.0 (65148422)|HEAP_ALLOCATE|[11]|Bytes:26
13:12:57.0 (65173152)|USER_DEBUG|[11]|DEBUG|__URL__ /apex/DisplayImage
13:12:57.0 (92345710)|SYSTEM_MODE_ENTER|true
13:12:57.95 (95030168)|CUMULATIVE_LIMIT_USAGE
13:12:57.95 (95030168)|LIMIT_USAGE_FOR_NS|(default)|
  Number of SOQL queries: 0 out of 100
  Number of query rows: 0 out of 50000
  Number of SOSL queries: 0 out of 20
  Number of DML statements: 0 out of 150
  Number of DML rows: 0 out of 10000
  Maximum CPU time: 0 out of 10000
  Maximum heap size: 0 out of 6000000
  Number of callouts: 0 out of 100
  Number of Email Invocations: 0 out of 10
  Number of future calls: 0 out of 50
  Number of queueable jobs added to the queue: 0 out of 50
  Number of Mobile Apex push calls: 0 out of 10

13:12:57.95 (95030168)|CUMULATIVE_LIMIT_USAGE_END

13:12:57.0 (95078045)|CODE_UNIT_FINISHED|VF: /apex/testPage
13:12:57.0 (96202388)|EXECUTION_FINISHED
