37.0 APEX_CODE,FINEST;APEX_PROFILING,INFO;CALLOUT,INFO;DB,INFO;SYSTEM,DEBUG;VALIDATION,INFO;VISUALFORCE,INFO;WAVE,INFO;WORKFLOW,INFO
13:03:46.0 (451526)|USER_INFO|[EXTERNAL]|005280000030kgN|himansh@nagarro.com|India Standard Time|GMT+05:30
13:03:46.0 (506491)|EXECUTION_STARTED
13:03:46.0 (512962)|CODE_UNIT_STARTED|[EXTERNAL]|066280000069Jw8|VF: /apex/testPage
13:03:46.0 (123530134)|SYSTEM_MODE_ENTER|true
13:03:46.0 (124040614)|HEAP_ALLOCATE|[72]|Bytes:3
13:03:46.0 (124108317)|HEAP_ALLOCATE|[77]|Bytes:152
13:03:46.0 (124129956)|HEAP_ALLOCATE|[342]|Bytes:408
13:03:46.0 (124151207)|HEAP_ALLOCATE|[355]|Bytes:408
13:03:46.0 (124168677)|HEAP_ALLOCATE|[467]|Bytes:48
13:03:46.0 (124245315)|HEAP_ALLOCATE|[139]|Bytes:6
13:03:46.0 (124271710)|HEAP_ALLOCATE|[EXTERNAL]|Bytes:80
13:03:46.0 (124299548)|HEAP_ALLOCATE|[EXTERNAL]|Bytes:3
13:03:46.0 (124305581)|HEAP_ALLOCATE|[EXTERNAL]|Bytes:2
13:03:46.0 (124367295)|METHOD_ENTRY|[1]|01p28000009r8Az|testClass.testClass()
13:03:46.0 (124378960)|STATEMENT_EXECUTE|[1]
13:03:46.0 (124385058)|STATEMENT_EXECUTE|[1]
13:03:46.0 (124408872)|METHOD_EXIT|[1]|testClass
13:03:46.0 (124429211)|HEAP_ALLOCATE|[EXTERNAL]|Bytes:8
13:03:46.0 (124515785)|VARIABLE_SCOPE_BEGIN|[4]|this|testClass|true|false
13:03:46.0 (124596510)|VARIABLE_ASSIGNMENT|[4]|this|{}|0x7fbe702b
13:03:46.0 (124610559)|STATEMENT_EXECUTE|[1]
13:03:46.0 (124612981)|STATEMENT_EXECUTE|[2]
13:03:46.0 (124622429)|HEAP_ALLOCATE|[5]|Bytes:6
13:03:46.0 (124701065)|STATEMENT_EXECUTE|[4]
13:03:46.0 (124704275)|STATEMENT_EXECUTE|[5]
13:03:46.0 (124743193)|HEAP_ALLOCATE|[5]|Bytes:64
13:03:46.0 (124756513)|SYSTEM_METHOD_ENTRY|[1]|Url.Url()
13:03:46.0 (124762295)|STATEMENT_EXECUTE|[1]
13:03:46.0 (124768926)|SYSTEM_METHOD_EXIT|[1]|Url
13:03:46.0 (124817937)|METHOD_ENTRY|[5]||System.Url.getSalesforceBaseUrl()
13:03:46.0 (125154227)|METHOD_EXIT|[5]||System.Url.getSalesforceBaseUrl()
13:03:46.0 (125189165)|METHOD_ENTRY|[5]||System.Url.getHost()
13:03:46.0 (125255215)|METHOD_EXIT|[5]||System.Url.getHost()
13:03:46.0 (125264849)|VARIABLE_SCOPE_BEGIN|[5]|domain|String|false|false
13:03:46.0 (125289725)|VARIABLE_ASSIGNMENT|[5]|domain|"himanshlearningforce (31 more) ..."
13:03:46.0 (125298156)|STATEMENT_EXECUTE|[6]
13:03:46.0 (125302402)|HEAP_ALLOCATE|[6]|Bytes:2
13:03:46.0 (125420085)|HEAP_ALLOCATE|[6]|Bytes:30
13:03:46.0 (125428937)|HEAP_ALLOCATE|[6]|Bytes:3
13:03:46.0 (125434153)|HEAP_ALLOCATE|[6]|Bytes:6
13:03:46.0 (125438991)|HEAP_ALLOCATE|[6]|Bytes:5
13:03:46.0 (125443688)|HEAP_ALLOCATE|[6]|Bytes:3
13:03:46.0 (125449125)|HEAP_ALLOCATE|[6]|Bytes:24
13:03:46.0 (125469513)|VARIABLE_SCOPE_BEGIN|[6]|DomainList|List<String>|true|false
13:03:46.0 (125500119)|HEAP_ALLOCATE|[EXTERNAL]|Bytes:24
13:03:46.0 (125522167)|VARIABLE_ASSIGNMENT|[6]|DomainList|["himanshlearningforce (10 more) ...","ap7","visual","force","com"]|0xa6111c4
13:03:46.0 (125533696)|STATEMENT_EXECUTE|[7]
13:03:46.0 (125558406)|HEAP_ALLOCATE|[7]|Bytes:30
13:03:46.0 (125569124)|VARIABLE_SCOPE_BEGIN|[7]|newDomein|String|false|false
13:03:46.0 (125584282)|VARIABLE_ASSIGNMENT|[7]|newDomein|"himanshlearningforce (10 more) ..."
13:03:46.0 (125592009)|STATEMENT_EXECUTE|[8]
13:03:46.0 (125645757)|HEAP_ALLOCATE|[8]|Bytes:29
13:03:46.0 (125667983)|VARIABLE_ASSIGNMENT|[8]|newDomein|"himanshlearningforce (9 more) ..."
13:03:46.0 (150086322)|STATEMENT_EXECUTE|[10]
13:03:46.0 (150100479)|HEAP_ALLOCATE|[10]|Bytes:69
13:03:46.0 (150264714)|VARIABLE_ASSIGNMENT|[EXTERNAL]|this|{}|0x7fbe702b
13:03:46.0 (150284107)|VARIABLE_ASSIGNMENT|[EXTERNAL]|value|"https://himanshlearn (49 more) ..."
13:03:46.0 (150298716)|VARIABLE_ASSIGNMENT|[2]|this.URL|"https://himanshlearn (49 more) ..."|0x7fbe702b
13:03:46.0 (150311297)|STATEMENT_EXECUTE|[11]
13:03:46.0 (150315939)|HEAP_ALLOCATE|[11]|Bytes:8
13:03:46.0 (150349120)|VARIABLE_ASSIGNMENT|[EXTERNAL]|this|{"URL":"https://himanshlearn (49 more) ..."}|0x7fbe702b
13:03:46.0 (150371497)|HEAP_ALLOCATE|[11]|Bytes:77
13:03:46.0 (150401465)|USER_DEBUG|[11]|DEBUG|__URL__ https://himanshlearningforce-dev-ed.my.salesforce.com/0032800000R3muh
13:03:46.0 (179566927)|SYSTEM_MODE_ENTER|true
13:03:46.182 (182316022)|CUMULATIVE_LIMIT_USAGE
13:03:46.182 (182316022)|LIMIT_USAGE_FOR_NS|(default)|
  Number of SOQL queries: 0 out of 100
  Number of query rows: 0 out of 50000
  Number of SOSL queries: 0 out of 20
  Number of DML statements: 0 out of 150
  Number of DML rows: 0 out of 10000
  Maximum CPU time: 0 out of 10000
  Maximum heap size: 0 out of 6000000
  Number of callouts: 0 out of 100
  Number of Email Invocations: 0 out of 10
  Number of future calls: 0 out of 50
  Number of queueable jobs added to the queue: 0 out of 50
  Number of Mobile Apex push calls: 0 out of 10

13:03:46.182 (182316022)|CUMULATIVE_LIMIT_USAGE_END

13:03:46.0 (182382772)|CODE_UNIT_FINISHED|VF: /apex/testPage
13:03:46.0 (183358767)|EXECUTION_FINISHED
